<?xml version="1.0" encoding="UTF-8"?>
<testng-results skipped="0" failed="0" total="2" passed="2">
  <reporter-output>
  </reporter-output>
  <suite name="Default suite" duration-ms="11745" started-at="2019-08-29T10:18:31Z" finished-at="2019-08-29T10:18:43Z">
    <groups>
    </groups>
    <test name="Default test" duration-ms="11745" started-at="2019-08-29T10:18:31Z" finished-at="2019-08-29T10:18:43Z">
      <class name="testmeapp.tests.OnlineShoppingTest">
        <test-method status="PASS" signature="startReportBeforeTest()[pri:0, instance:testmeapp.tests.OnlineShoppingTest@3cb5cdba]" name="startReportBeforeTest" is-config="true" duration-ms="9752" started-at="2019-08-29T15:48:31Z" finished-at="2019-08-29T15:48:41Z">
          <reporter-output>
          </reporter-output>
        </test-method> <!-- startReportBeforeTest -->
        <test-method status="PASS" signature="testLogin()[pri:0, instance:testmeapp.tests.OnlineShoppingTest@3cb5cdba]" name="testLogin" duration-ms="1964" started-at="2019-08-29T15:48:41Z" finished-at="2019-08-29T15:48:43Z">
          <reporter-output>
          </reporter-output>
        </test-method> <!-- testLogin -->
        <test-method status="PASS" signature="getResultAfterMethod(org.testng.ITestResult)[pri:0, instance:testmeapp.tests.OnlineShoppingTest@3cb5cdba]" name="getResultAfterMethod" is-config="true" duration-ms="3" started-at="2019-08-29T15:48:43Z" finished-at="2019-08-29T15:48:43Z">
          <params>
            <param index="0">
              <value>
                <![CDATA[[TestResult name=testLogin status=SUCCESS method=OnlineShoppingTest.testLogin()[pri:0, instance:testmeapp.tests.OnlineShoppingTest@3cb5cdba] output={null}]]]>
              </value>
            </param>
          </params>
          <reporter-output>
          </reporter-output>
        </test-method> <!-- getResultAfterMethod -->
        <test-method status="PASS" signature="testorder()[pri:0, instance:testmeapp.tests.OnlineShoppingTest@3cb5cdba]" name="testorder" duration-ms="2" started-at="2019-08-29T15:48:43Z" finished-at="2019-08-29T15:48:43Z">
          <reporter-output>
          </reporter-output>
        </test-method> <!-- testorder -->
        <test-method status="PASS" signature="getResultAfterMethod(org.testng.ITestResult)[pri:0, instance:testmeapp.tests.OnlineShoppingTest@3cb5cdba]" name="getResultAfterMethod" is-config="true" duration-ms="0" started-at="2019-08-29T15:48:43Z" finished-at="2019-08-29T15:48:43Z">
          <params>
            <param index="0">
              <value>
                <![CDATA[[TestResult name=testorder status=SUCCESS method=OnlineShoppingTest.testorder()[pri:0, instance:testmeapp.tests.OnlineShoppingTest@3cb5cdba] output={null}]]]>
              </value>
            </param>
          </params>
          <reporter-output>
          </reporter-output>
        </test-method> <!-- getResultAfterMethod -->
        <test-method status="PASS" signature="endReportAfterTest()[pri:0, instance:testmeapp.tests.OnlineShoppingTest@3cb5cdba]" name="endReportAfterTest" is-config="true" duration-ms="3" started-at="2019-08-29T15:48:43Z" finished-at="2019-08-29T15:48:43Z">
          <reporter-output>
          </reporter-output>
        </test-method> <!-- endReportAfterTest -->
      </class> <!-- testmeapp.tests.OnlineShoppingTest -->
    </test> <!-- Default test -->
  </suite> <!-- Default suite -->
</testng-results>
